<?xml version="1.0" encoding="UTF-8"?>
<!-- Generated by org.testng.reporters.JUnitReportReporter -->
<testsuite hostname="EEW00381" failures="0" tests="1" name="defaultNG.NewTest" time="1.133" errors="0" timestamp="2020-03-01T20:57:57 EET" skipped="0">
  <testcase classname="defaultNG.NewTest" name="GetWeatherDetails" time="1.133"/>
</testsuite> <!-- defaultNG.NewTest -->
